# JRE version: OpenJDK Runtime Environment (11.0.10) (build 11.0.10+0-b96-7249189)
# Java VM: OpenJDK 64-Bit Server VM (11.0.10+0-b96-7249189, mixed mode, tiered, compressed oops, g1 gc, windows-amd64)
Heap:
 garbage-first heap   total 579584K, used 355968K [0x0000000080000000, 0x0000000100000000)
  region size 1024K, 178 young (182272K), 9 survivors (9216K)
 Metaspace       used 110462K, capacity 113320K, committed 113660K, reserved 1148928K
  class space    used 13811K, capacity 14884K, committed 14976K, reserved 1048576K
GC Heap History (20 events):
Event: 64.868 GC heap before
{Heap before GC invocations=91 (full 0):
 garbage-first heap   total 392192K, used 339584K [0x0000000080000000, 0x0000000100000000)
  region size 1024K, 214 young (219136K), 11 survivors (11264K)
 Metaspace       used 106940K, capacity 109644K, committed 109948K, reserved 1144832K
  class space    used 13485K, capacity 14510K, committed 14592K, reserved 1048576K
}
Event: 64.893 GC heap after
{Heap after GC invocations=92 (full 0):
 garbage-first heap   total 392192K, used 141678K [0x0000000080000000, 0x0000000100000000)
  region size 1024K, 20 young (20480K), 20 survivors (20480K)
 Metaspace       used 106940K, capacity 109644K, committed 109948K, reserved 1144832K
  class space    used 13485K, capacity 14510K, committed 14592K, reserved 1048576K
}
Event: 65.800 GC heap before
{Heap before GC invocations=92 (full 0):
 garbage-first heap   total 392192K, used 333166K [0x0000000080000000, 0x0000000100000000)
  region size 1024K, 205 young (209920K), 20 survivors (20480K)
 Metaspace       used 106956K, capacity 109646K, committed 109948K, reserved 1144832K
  class space    used 13485K, capacity 14510K, committed 14592K, reserved 1048576K
}
Event: 65.847 GC heap after
{Heap after GC invocations=93 (full 0):
 garbage-first heap   total 392192K, used 136394K [0x0000000080000000, 0x0000000100000000)
  region size 1024K, 3 young (3072K), 3 survivors (3072K)
 Metaspace       used 106956K, capacity 109646K, committed 109948K, reserved 1144832K
  class space    used 13485K, capacity 14510K, committed 14592K, reserved 1048576K
}
Event: 66.819 GC heap before
{Heap before GC invocations=93 (full 0):
 garbage-first heap   total 392192K, used 330954K [0x0000000080000000, 0x0000000100000000)
  region size 1024K, 193 young (197632K), 3 survivors (3072K)
 Metaspace       used 106963K, capacity 109646K, committed 109948K, reserved 1144832K
  class space    used 13485K, capacity 14510K, committed 14592K, reserved 1048576K
}
Event: 66.821 GC heap after
{Heap after GC invocations=94 (full 0):
 garbage-first heap   total 392192K, used 135370K [0x0000000080000000, 0x0000000100000000)
  region size 1024K, 2 young (2048K), 2 survivors (2048K)
 Metaspace       used 106963K, capacity 109646K, committed 109948K, reserved 1144832K
  class space    used 13485K, capacity 14510K, committed 14592K, reserved 1048576K
}
Event: 67.680 GC heap before
{Heap before GC invocations=94 (full 0):
 garbage-first heap   total 392192K, used 333002K [0x0000000080000000, 0x0000000100000000)
  region size 1024K, 195 young (199680K), 2 survivors (2048K)
 Metaspace       used 106968K, capacity 109710K, committed 109948K, reserved 1144832K
  class space    used 13485K, capacity 14510K, committed 14592K, reserved 1048576K
}
Event: 67.682 GC heap after
{Heap after GC invocations=95 (full 0):
 garbage-first heap   total 392192K, used 135824K [0x0000000080000000, 0x0000000100000000)
  region size 1024K, 3 young (3072K), 3 survivors (3072K)
 Metaspace       used 106968K, capacity 109710K, committed 109948K, reserved 1144832K
  class space    used 13485K, capacity 14510K, committed 14592K, reserved 1048576K
}
Event: 68.385 GC heap before
{Heap before GC invocations=95 (full 0):
 garbage-first heap   total 392192K, used 335504K [0x0000000080000000, 0x0000000100000000)
  region size 1024K, 197 young (201728K), 3 survivors (3072K)
 Metaspace       used 106998K, capacity 109712K, committed 109948K, reserved 1144832K
  class space    used 13485K, capacity 14510K, committed 14592K, reserved 1048576K
}
Event: 68.389 GC heap after
{Heap after GC invocations=96 (full 0):
 garbage-first heap   total 392192K, used 136697K [0x0000000080000000, 0x0000000100000000)
  region size 1024K, 4 young (4096K), 4 survivors (4096K)
 Metaspace       used 106998K, capacity 109712K, committed 109948K, reserved 1144832K
  class space    used 13485K, capacity 14510K, committed 14592K, reserved 1048576K
}
Event: 69.066 GC heap before
{Heap before GC invocations=96 (full 0):
 garbage-first heap   total 392192K, used 334329K [0x0000000080000000, 0x0000000100000000)
  region size 1024K, 198 young (202752K), 4 survivors (4096K)
 Metaspace       used 107030K, capacity 109725K, committed 109948K, reserved 1144832K
  class space    used 13486K, capacity 14512K, committed 14592K, reserved 1048576K
}
Event: 69.072 GC heap after
{Heap after GC invocations=97 (full 0):
 garbage-first heap   total 392192K, used 140780K [0x0000000080000000, 0x0000000100000000)
  region size 1024K, 8 young (8192K), 8 survivors (8192K)
 Metaspace       used 107030K, capacity 109725K, committed 109948K, reserved 1144832K
  class space    used 13486K, capacity 14512K, committed 14592K, reserved 1048576K
}
Event: 69.880 GC heap before
{Heap before GC invocations=97 (full 0):
 garbage-first heap   total 392192K, used 335340K [0x0000000080000000, 0x0000000100000000)
  region size 1024K, 198 young (202752K), 8 survivors (8192K)
 Metaspace       used 107037K, capacity 109733K, committed 109948K, reserved 1144832K
  class space    used 13487K, capacity 14515K, committed 14592K, reserved 1048576K
}
Event: 69.885 GC heap after
{Heap after GC invocations=98 (full 0):
 garbage-first heap   total 392192K, used 140446K [0x0000000080000000, 0x0000000100000000)
  region size 1024K, 7 young (7168K), 7 survivors (7168K)
 Metaspace       used 107037K, capacity 109733K, committed 109948K, reserved 1144832K
  class space    used 13487K, capacity 14515K, committed 14592K, reserved 1048576K
}
Event: 70.614 GC heap before
{Heap before GC invocations=98 (full 0):
 garbage-first heap   total 392192K, used 337054K [0x0000000080000000, 0x0000000100000000)
  region size 1024K, 199 young (203776K), 7 survivors (7168K)
 Metaspace       used 107037K, capacity 109733K, committed 109948K, reserved 1144832K
  class space    used 13488K, capacity 14515K, committed 14592K, reserved 1048576K
}
Event: 70.617 GC heap after
{Heap after GC invocations=99 (full 0):
 garbage-first heap   total 392192K, used 137841K [0x0000000080000000, 0x0000000100000000)
  region size 1024K, 5 young (5120K), 5 survivors (5120K)
 Metaspace       used 107037K, capacity 109733K, committed 109948K, reserved 1144832K
  class space    used 13488K, capacity 14515K, committed 14592K, reserved 1048576K
}
Event: 73.554 GC heap before
{Heap before GC invocations=99 (full 0):
 garbage-first heap   total 392192K, used 351857K [0x0000000080000000, 0x0000000100000000)
  region size 1024K, 200 young (204800K), 5 survivors (5120K)
 Metaspace       used 108651K, capacity 111379K, committed 111612K, reserved 1146880K
  class space    used 13637K, capacity 14656K, committed 14720K, reserved 1048576K
}
Event: 73.660 GC heap after
{Heap after GC invocations=100 (full 0):
 garbage-first heap   total 393216K, used 179744K [0x0000000080000000, 0x0000000100000000)
  region size 1024K, 25 young (25600K), 25 survivors (25600K)
 Metaspace       used 108651K, capacity 111379K, committed 111612K, reserved 1146880K
  class space    used 13637K, capacity 14656K, committed 14720K, reserved 1048576K
}
Event: 86.628 GC heap before
{Heap before GC invocations=100 (full 0):
 garbage-first heap   total 393216K, used 321056K [0x0000000080000000, 0x0000000100000000)
  region size 1024K, 156 young (159744K), 25 survivors (25600K)
 Metaspace       used 110325K, capacity 113187K, committed 113404K, reserved 1148928K
  class space    used 13805K, capacity 14882K, committed 14976K, reserved 1048576K
}
Event: 86.663 GC heap after
{Heap after GC invocations=101 (full 0):
 garbage-first heap   total 579584K, used 181888K [0x0000000080000000, 0x0000000100000000)
  region size 1024K, 9 young (9216K), 9 survivors (9216K)
 Metaspace       used 110325K, capacity 113187K, committed 113404K, reserved 1148928K
  class space    used 13805K, capacity 14882K, committed 14976K, reserved 1048576K
}

